[dotenv@17.0.1] injecting env (25) from .env – [tip] encrypt with dotenvx: https://dotenvx.com
[dotenv@17.0.1] injecting env (0) from .env – [tip] encrypt with dotenvx: https://dotenvx.com
✅ Environment validation passed
🌍 Environment: development
📱 Application: MuseBar POS v1.0.0
🚀 Server: 0.0.0.0:3001
📊 Database: localhost:5432/mosehxl_development
🔐 Security: JWT (24h), BCrypt (12 rounds)
📝 Logging: debug level
[36m[2025-09-12T13:27:02.616Z] INFO: Built-in email templates loaded | Metadata: {"templateCount":5}[0m
[36m[2025-09-12T13:27:02.616Z] INFO: Email sender initialized successfully[0m
[36m[2025-09-12T13:27:02.617Z] INFO: Email service initialized successfully | Metadata: {"components":["TemplateManager","EmailLogger","EmailSender"]}[0m
[36m[2025-09-12T13:27:02.617Z] INFO: User Invitation Service initialized with modular architecture | Metadata: {"components":["validator","creator","emailService","acceptance"]}[0m
[36m[2025-09-12T13:27:02.617Z] INFO: User management routes initialized successfully[0m
[36m[2025-09-12T13:27:02.619Z] INFO: Establishment routes initialized[0m
[dotenv@17.0.1] injecting env (25) from .env – [tip] encrypt with dotenvx: https://dotenvx.com
[dotenv@17.0.1] injecting env (0) from .env – [tip] encrypt with dotenvx: https://dotenvx.com
✅ Environment validation passed
🌍 Environment: development
📱 Application: MuseBar POS v1.0.0
🚀 Server: 0.0.0.0:3001
📊 Database: localhost:5432/mosehxl_development
🔐 Security: JWT (24h), BCrypt (12 rounds)
📝 Logging: debug level
[36m[2025-09-12T13:37:25.733Z] INFO: Built-in email templates loaded | Metadata: {"templateCount":5}[0m
[36m[2025-09-12T13:37:25.733Z] INFO: Email sender initialized successfully[0m
[36m[2025-09-12T13:37:25.733Z] INFO: Email service initialized successfully | Metadata: {"components":["TemplateManager","EmailLogger","EmailSender"]}[0m
[36m[2025-09-12T13:37:25.733Z] INFO: User Invitation Service initialized with modular architecture | Metadata: {"components":["validator","creator","emailService","acceptance"]}[0m
[36m[2025-09-12T13:37:25.734Z] INFO: User management routes initialized successfully[0m
[36m[2025-09-12T13:37:25.735Z] INFO: Establishment routes initialized[0m
